DEBUG - 2025-10-02 00:48:23 --> Session: Class initialized using 'CodeIgniter\Session\Handlers\FileHandler' driver.
CRITICAL - 2025-10-02 14:24:01 --> CodeIgniter\View\Exceptions\ViewException: Invalid file: "form/header.php"
[Method: GET, Route: form-unwrap/]
in SYSTEMPATH\Exceptions\FrameworkException.php on line 39.
 1 SYSTEMPATH\View\View.php(214): CodeIgniter\Exceptions\FrameworkException::forInvalidFile('form/header.php')
 2 SYSTEMPATH\Common.php(1167): CodeIgniter\View\View->render('form/header', [], true)
 3 APPPATH\Controllers\Form_Unwrap.php(9): view('form/header')
 4 SYSTEMPATH\CodeIgniter.php(933): App\Controllers\Form_Unwrap->index()
 5 SYSTEMPATH\CodeIgniter.php(507): CodeIgniter\CodeIgniter->runController(Object(App\Controllers\Form_Unwrap))
 6 SYSTEMPATH\CodeIgniter.php(354): CodeIgniter\CodeIgniter->handleRequest(null, Object(Config\Cache), false)
 7 SYSTEMPATH\Boot.php(363): CodeIgniter\CodeIgniter->run()
 8 SYSTEMPATH\Boot.php(68): CodeIgniter\Boot::runCodeIgniter(Object(CodeIgniter\CodeIgniter))
 9 FCPATH\index.php(59): CodeIgniter\Boot::bootWeb(Object(Config\Paths))
CRITICAL - 2025-10-02 14:24:05 --> CodeIgniter\View\Exceptions\ViewException: Invalid file: "form/header.php"
[Method: GET, Route: form-unwrap/]
in SYSTEMPATH\Exceptions\FrameworkException.php on line 39.
 1 SYSTEMPATH\View\View.php(214): CodeIgniter\Exceptions\FrameworkException::forInvalidFile('form/header.php')
 2 SYSTEMPATH\Common.php(1167): CodeIgniter\View\View->render('form/header', [], true)
 3 APPPATH\Controllers\Form_Unwrap.php(9): view('form/header')
 4 SYSTEMPATH\CodeIgniter.php(933): App\Controllers\Form_Unwrap->index()
 5 SYSTEMPATH\CodeIgniter.php(507): CodeIgniter\CodeIgniter->runController(Object(App\Controllers\Form_Unwrap))
 6 SYSTEMPATH\CodeIgniter.php(354): CodeIgniter\CodeIgniter->handleRequest(null, Object(Config\Cache), false)
 7 SYSTEMPATH\Boot.php(363): CodeIgniter\CodeIgniter->run()
 8 SYSTEMPATH\Boot.php(68): CodeIgniter\Boot::runCodeIgniter(Object(CodeIgniter\CodeIgniter))
 9 FCPATH\index.php(59): CodeIgniter\Boot::bootWeb(Object(Config\Paths))
CRITICAL - 2025-10-02 14:24:41 --> CodeIgniter\View\Exceptions\ViewException: Invalid file: "form/header.php"
[Method: GET, Route: form-unwrap/]
in SYSTEMPATH\Exceptions\FrameworkException.php on line 39.
 1 SYSTEMPATH\View\View.php(214): CodeIgniter\Exceptions\FrameworkException::forInvalidFile('form/header.php')
 2 SYSTEMPATH\Common.php(1167): CodeIgniter\View\View->render('form/header', [], true)
 3 APPPATH\Controllers\Form_Unwrap.php(9): view('form/header')
 4 SYSTEMPATH\CodeIgniter.php(933): App\Controllers\Form_Unwrap->index()
 5 SYSTEMPATH\CodeIgniter.php(507): CodeIgniter\CodeIgniter->runController(Object(App\Controllers\Form_Unwrap))
 6 SYSTEMPATH\CodeIgniter.php(354): CodeIgniter\CodeIgniter->handleRequest(null, Object(Config\Cache), false)
 7 SYSTEMPATH\Boot.php(363): CodeIgniter\CodeIgniter->run()
 8 SYSTEMPATH\Boot.php(68): CodeIgniter\Boot::runCodeIgniter(Object(CodeIgniter\CodeIgniter))
 9 FCPATH\index.php(59): CodeIgniter\Boot::bootWeb(Object(Config\Paths))
CRITICAL - 2025-10-02 14:25:02 --> CodeIgniter\View\Exceptions\ViewException: Invalid file: "form-wrap/header.php"
[Method: GET, Route: form-unwrap/]
in SYSTEMPATH\Exceptions\FrameworkException.php on line 39.
 1 SYSTEMPATH\View\View.php(214): CodeIgniter\Exceptions\FrameworkException::forInvalidFile('form-wrap/header.php')
 2 SYSTEMPATH\Common.php(1167): CodeIgniter\View\View->render('form-wrap/header', [], true)
 3 APPPATH\Controllers\Form_Unwrap.php(9): view('form-wrap/header')
 4 SYSTEMPATH\CodeIgniter.php(933): App\Controllers\Form_Unwrap->index()
 5 SYSTEMPATH\CodeIgniter.php(507): CodeIgniter\CodeIgniter->runController(Object(App\Controllers\Form_Unwrap))
 6 SYSTEMPATH\CodeIgniter.php(354): CodeIgniter\CodeIgniter->handleRequest(null, Object(Config\Cache), false)
 7 SYSTEMPATH\Boot.php(363): CodeIgniter\CodeIgniter->run()
 8 SYSTEMPATH\Boot.php(68): CodeIgniter\Boot::runCodeIgniter(Object(CodeIgniter\CodeIgniter))
 9 FCPATH\index.php(59): CodeIgniter\Boot::bootWeb(Object(Config\Paths))
CRITICAL - 2025-10-02 14:25:03 --> CodeIgniter\View\Exceptions\ViewException: Invalid file: "form-wrap/header.php"
[Method: GET, Route: form-unwrap/]
in SYSTEMPATH\Exceptions\FrameworkException.php on line 39.
 1 SYSTEMPATH\View\View.php(214): CodeIgniter\Exceptions\FrameworkException::forInvalidFile('form-wrap/header.php')
 2 SYSTEMPATH\Common.php(1167): CodeIgniter\View\View->render('form-wrap/header', [], true)
 3 APPPATH\Controllers\Form_Unwrap.php(9): view('form-wrap/header')
 4 SYSTEMPATH\CodeIgniter.php(933): App\Controllers\Form_Unwrap->index()
 5 SYSTEMPATH\CodeIgniter.php(507): CodeIgniter\CodeIgniter->runController(Object(App\Controllers\Form_Unwrap))
 6 SYSTEMPATH\CodeIgniter.php(354): CodeIgniter\CodeIgniter->handleRequest(null, Object(Config\Cache), false)
 7 SYSTEMPATH\Boot.php(363): CodeIgniter\CodeIgniter->run()
 8 SYSTEMPATH\Boot.php(68): CodeIgniter\Boot::runCodeIgniter(Object(CodeIgniter\CodeIgniter))
 9 FCPATH\index.php(59): CodeIgniter\Boot::bootWeb(Object(Config\Paths))
