DEBUG - 2025-09-25 01:52:13 --> Session: Class initialized using 'CodeIgniter\Session\Handlers\FileHandler' driver.
DEBUG - 2025-09-25 01:54:42 --> Session: Class initialized using 'CodeIgniter\Session\Handlers\FileHandler' driver.
DEBUG - 2025-09-25 01:54:50 --> Session: Class initialized using 'CodeIgniter\Session\Handlers\FileHandler' driver.
DEBUG - 2025-09-25 01:56:34 --> Session: Class initialized using 'CodeIgniter\Session\Handlers\FileHandler' driver.
ERROR - 2025-09-25 01:56:45 --> mysqli_sql_exception: Cannot add or update a child row: a foreign key constraint fails (`db_test`.`produk`, CONSTRAINT `produk_ibfk_1` FOREIGN KEY (`kategori_id`) REFERENCES `kategori` (`id`)) in C:\xampp\htdocs\framework\system\Database\MySQLi\Connection.php:327
Stack trace:
#0 C:\xampp\htdocs\framework\system\Database\MySQLi\Connection.php(327): mysqli->query('INSERT INTO `pr...', 0)
#1 C:\xampp\htdocs\framework\system\Database\BaseConnection.php(729): CodeIgniter\Database\MySQLi\Connection->execute('INSERT INTO `pr...')
#2 C:\xampp\htdocs\framework\system\Database\BaseConnection.php(646): CodeIgniter\Database\BaseConnection->simpleQuery('INSERT INTO `pr...')
#3 C:\xampp\htdocs\framework\system\Database\BaseBuilder.php(2345): CodeIgniter\Database\BaseConnection->query('INSERT INTO `pr...', Array, false)
#4 C:\xampp\htdocs\framework\system\Model.php(394): CodeIgniter\Database\BaseBuilder->insert()
#5 C:\xampp\htdocs\framework\system\BaseModel.php(838): CodeIgniter\Model->doInsert(Array)
#6 C:\xampp\htdocs\framework\system\Model.php(797): CodeIgniter\BaseModel->insert(Array, true)
#7 C:\xampp\htdocs\framework\app\Controllers\Produk.php(27): CodeIgniter\Model->insert(Array)
#8 C:\xampp\htdocs\framework\system\CodeIgniter.php(933): App\Controllers\Produk->store()
#9 C:\xampp\htdocs\framework\system\CodeIgniter.php(507): CodeIgniter\CodeIgniter->runController(Object(App\Controllers\Produk))
#10 C:\xampp\htdocs\framework\system\CodeIgniter.php(354): CodeIgniter\CodeIgniter->handleRequest(NULL, Object(Config\Cache), false)
#11 C:\xampp\htdocs\framework\system\Boot.php(363): CodeIgniter\CodeIgniter->run()
#12 C:\xampp\htdocs\framework\system\Boot.php(68): CodeIgniter\Boot::runCodeIgniter(Object(CodeIgniter\CodeIgniter))
#13 C:\xampp\htdocs\framework\index.php(59): CodeIgniter\Boot::bootWeb(Object(Config\Paths))
#14 {main}
CRITICAL - 2025-09-25 01:56:45 --> CodeIgniter\Database\Exceptions\DatabaseException: Cannot add or update a child row: a foreign key constraint fails (`db_test`.`produk`, CONSTRAINT `produk_ibfk_1` FOREIGN KEY (`kategori_id`) REFERENCES `kategori` (`id`))
[Method: POST, Route: produk/store]
in SYSTEMPATH\Database\BaseConnection.php on line 684.
 1 SYSTEMPATH\Database\BaseBuilder.php(2345): CodeIgniter\Database\BaseConnection->query('INSERT INTO `produk` (`nama_produk`, `harga`, `kategori_id`) VALUES (:nama_produk:, :harga:, :kategori_id:)', [...], false)
 2 SYSTEMPATH\Model.php(394): CodeIgniter\Database\BaseBuilder->insert()
 3 SYSTEMPATH\BaseModel.php(838): CodeIgniter\Model->doInsert([...])
 4 SYSTEMPATH\Model.php(797): CodeIgniter\BaseModel->insert([...], true)
 5 APPPATH\Controllers\Produk.php(27): CodeIgniter\Model->insert([...])
 6 SYSTEMPATH\CodeIgniter.php(933): App\Controllers\Produk->store()
 7 SYSTEMPATH\CodeIgniter.php(507): CodeIgniter\CodeIgniter->runController(Object(App\Controllers\Produk))
 8 SYSTEMPATH\CodeIgniter.php(354): CodeIgniter\CodeIgniter->handleRequest(null, Object(Config\Cache), false)
 9 SYSTEMPATH\Boot.php(363): CodeIgniter\CodeIgniter->run()
10 SYSTEMPATH\Boot.php(68): CodeIgniter\Boot::runCodeIgniter(Object(CodeIgniter\CodeIgniter))
11 FCPATH\index.php(59): CodeIgniter\Boot::bootWeb(Object(Config\Paths))
CRITICAL - 2025-09-25 01:56:45 --> [Caused by] CodeIgniter\Database\Exceptions\DatabaseException: Cannot add or update a child row: a foreign key constraint fails (`db_test`.`produk`, CONSTRAINT `produk_ibfk_1` FOREIGN KEY (`kategori_id`) REFERENCES `kategori` (`id`))
in SYSTEMPATH\Database\MySQLi\Connection.php on line 332.
 1 SYSTEMPATH\Database\BaseConnection.php(729): CodeIgniter\Database\MySQLi\Connection->execute('INSERT INTO `produk` (`nama_produk`, `harga`, `kategori_id`) VALUES (\'Jus\', \'10000\', \'\')')
 2 SYSTEMPATH\Database\BaseConnection.php(646): CodeIgniter\Database\BaseConnection->simpleQuery('INSERT INTO `produk` (`nama_produk`, `harga`, `kategori_id`) VALUES (\'Jus\', \'10000\', \'\')')
 3 SYSTEMPATH\Database\BaseBuilder.php(2345): CodeIgniter\Database\BaseConnection->query('INSERT INTO `produk` (`nama_produk`, `harga`, `kategori_id`) VALUES (:nama_produk:, :harga:, :kategori_id:)', [...], false)
 4 SYSTEMPATH\Model.php(394): CodeIgniter\Database\BaseBuilder->insert()
 5 SYSTEMPATH\BaseModel.php(838): CodeIgniter\Model->doInsert([...])
 6 SYSTEMPATH\Model.php(797): CodeIgniter\BaseModel->insert([...], true)
 7 APPPATH\Controllers\Produk.php(27): CodeIgniter\Model->insert([...])
 8 SYSTEMPATH\CodeIgniter.php(933): App\Controllers\Produk->store()
 9 SYSTEMPATH\CodeIgniter.php(507): CodeIgniter\CodeIgniter->runController(Object(App\Controllers\Produk))
10 SYSTEMPATH\CodeIgniter.php(354): CodeIgniter\CodeIgniter->handleRequest(null, Object(Config\Cache), false)
11 SYSTEMPATH\Boot.php(363): CodeIgniter\CodeIgniter->run()
12 SYSTEMPATH\Boot.php(68): CodeIgniter\Boot::runCodeIgniter(Object(CodeIgniter\CodeIgniter))
13 FCPATH\index.php(59): CodeIgniter\Boot::bootWeb(Object(Config\Paths))
CRITICAL - 2025-09-25 01:56:45 --> [Caused by] mysqli_sql_exception: Cannot add or update a child row: a foreign key constraint fails (`db_test`.`produk`, CONSTRAINT `produk_ibfk_1` FOREIGN KEY (`kategori_id`) REFERENCES `kategori` (`id`))
in SYSTEMPATH\Database\MySQLi\Connection.php on line 327.
 1 SYSTEMPATH\Database\MySQLi\Connection.php(327): mysqli->query('INSERT INTO `produk` (`nama_produk`, `harga`, `kategori_id`) VALUES (\'Jus\', \'10000\', \'\')', 0)
 2 SYSTEMPATH\Database\BaseConnection.php(729): CodeIgniter\Database\MySQLi\Connection->execute('INSERT INTO `produk` (`nama_produk`, `harga`, `kategori_id`) VALUES (\'Jus\', \'10000\', \'\')')
 3 SYSTEMPATH\Database\BaseConnection.php(646): CodeIgniter\Database\BaseConnection->simpleQuery('INSERT INTO `produk` (`nama_produk`, `harga`, `kategori_id`) VALUES (\'Jus\', \'10000\', \'\')')
 4 SYSTEMPATH\Database\BaseBuilder.php(2345): CodeIgniter\Database\BaseConnection->query('INSERT INTO `produk` (`nama_produk`, `harga`, `kategori_id`) VALUES (:nama_produk:, :harga:, :kategori_id:)', [...], false)
 5 SYSTEMPATH\Model.php(394): CodeIgniter\Database\BaseBuilder->insert()
 6 SYSTEMPATH\BaseModel.php(838): CodeIgniter\Model->doInsert([...])
 7 SYSTEMPATH\Model.php(797): CodeIgniter\BaseModel->insert([...], true)
 8 APPPATH\Controllers\Produk.php(27): CodeIgniter\Model->insert([...])
 9 SYSTEMPATH\CodeIgniter.php(933): App\Controllers\Produk->store()
10 SYSTEMPATH\CodeIgniter.php(507): CodeIgniter\CodeIgniter->runController(Object(App\Controllers\Produk))
11 SYSTEMPATH\CodeIgniter.php(354): CodeIgniter\CodeIgniter->handleRequest(null, Object(Config\Cache), false)
12 SYSTEMPATH\Boot.php(363): CodeIgniter\CodeIgniter->run()
13 SYSTEMPATH\Boot.php(68): CodeIgniter\Boot::runCodeIgniter(Object(CodeIgniter\CodeIgniter))
14 FCPATH\index.php(59): CodeIgniter\Boot::bootWeb(Object(Config\Paths))
DEBUG - 2025-09-25 02:00:39 --> Session: Class initialized using 'CodeIgniter\Session\Handlers\FileHandler' driver.
DEBUG - 2025-09-25 02:00:43 --> Session: Class initialized using 'CodeIgniter\Session\Handlers\FileHandler' driver.
DEBUG - 2025-09-25 02:00:53 --> Session: Class initialized using 'CodeIgniter\Session\Handlers\FileHandler' driver.
DEBUG - 2025-09-25 02:00:53 --> Session: Class initialized using 'CodeIgniter\Session\Handlers\FileHandler' driver.
DEBUG - 2025-09-25 02:01:36 --> Session: Class initialized using 'CodeIgniter\Session\Handlers\FileHandler' driver.
DEBUG - 2025-09-25 02:01:36 --> Session: Class initialized using 'CodeIgniter\Session\Handlers\FileHandler' driver.
DEBUG - 2025-09-25 02:01:56 --> Session: Class initialized using 'CodeIgniter\Session\Handlers\FileHandler' driver.
DEBUG - 2025-09-25 02:01:56 --> Session: Class initialized using 'CodeIgniter\Session\Handlers\FileHandler' driver.
DEBUG - 2025-09-25 02:02:35 --> Session: Class initialized using 'CodeIgniter\Session\Handlers\FileHandler' driver.
DEBUG - 2025-09-25 02:02:35 --> Session: Class initialized using 'CodeIgniter\Session\Handlers\FileHandler' driver.
DEBUG - 2025-09-25 02:27:49 --> Session: Class initialized using 'CodeIgniter\Session\Handlers\FileHandler' driver.
DEBUG - 2025-09-25 02:32:49 --> Session: Class initialized using 'CodeIgniter\Session\Handlers\FileHandler' driver.
DEBUG - 2025-09-25 02:34:46 --> Session: Class initialized using 'CodeIgniter\Session\Handlers\FileHandler' driver.
ERROR - 2025-09-25 02:35:26 --> mysqli_sql_exception: Table 'db_test.main' doesn't exist in C:\xampp\htdocs\framework\system\Database\MySQLi\Connection.php:327
Stack trace:
#0 C:\xampp\htdocs\framework\system\Database\MySQLi\Connection.php(327): mysqli->query('SELECT 1\nFROM `...', 0)
#1 C:\xampp\htdocs\framework\system\Database\BaseConnection.php(729): CodeIgniter\Database\MySQLi\Connection->execute('SELECT 1\nFROM `...')
#2 C:\xampp\htdocs\framework\system\Database\BaseConnection.php(646): CodeIgniter\Database\BaseConnection->simpleQuery('SELECT 1\nFROM `...')
#3 C:\xampp\htdocs\framework\system\Database\BaseBuilder.php(1649): CodeIgniter\Database\BaseConnection->query('SELECT 1\nFROM `...', Array, false)
#4 C:\xampp\htdocs\framework\system\Validation\Rules.php(175): CodeIgniter\Database\BaseBuilder->get()
#5 C:\xampp\htdocs\framework\system\Validation\StrictRules\Rules.php(187): CodeIgniter\Validation\Rules->is_unique('321412321', 'main.nik', Array)
#6 C:\xampp\htdocs\framework\system\Validation\Validation.php(336): CodeIgniter\Validation\StrictRules\Rules->is_unique('321412321', 'main.nik', Array, NULL, 'nik')
#7 C:\xampp\htdocs\framework\system\Validation\Validation.php(201): CodeIgniter\Validation\Validation->processRules('nik', 'nik', '321412321', Array, Array, 'nik')
#8 C:\xampp\htdocs\framework\app\Controllers\Main.php(31): CodeIgniter\Validation\Validation->run()
#9 C:\xampp\htdocs\framework\system\CodeIgniter.php(933): App\Controllers\Main->store()
#10 C:\xampp\htdocs\framework\system\CodeIgniter.php(507): CodeIgniter\CodeIgniter->runController(Object(App\Controllers\Main))
#11 C:\xampp\htdocs\framework\system\CodeIgniter.php(354): CodeIgniter\CodeIgniter->handleRequest(NULL, Object(Config\Cache), false)
#12 C:\xampp\htdocs\framework\system\Boot.php(363): CodeIgniter\CodeIgniter->run()
#13 C:\xampp\htdocs\framework\system\Boot.php(68): CodeIgniter\Boot::runCodeIgniter(Object(CodeIgniter\CodeIgniter))
#14 C:\xampp\htdocs\framework\index.php(59): CodeIgniter\Boot::bootWeb(Object(Config\Paths))
#15 {main}
CRITICAL - 2025-09-25 02:35:26 --> CodeIgniter\Database\Exceptions\DatabaseException: Table 'db_test.main' doesn't exist
[Method: POST, Route: main/store]
in SYSTEMPATH\Database\BaseConnection.php on line 684.
 1 SYSTEMPATH\Database\BaseBuilder.php(1649): CodeIgniter\Database\BaseConnection->query('SELECT 1
FROM `main`
WHERE `nik` = :nik:
 LIMIT 1', [...], false)
 2 SYSTEMPATH\Validation\Rules.php(175): CodeIgniter\Database\BaseBuilder->get()
 3 SYSTEMPATH\Validation\StrictRules\Rules.php(187): CodeIgniter\Validation\Rules->is_unique('321412321', 'main.nik', [...])
 4 SYSTEMPATH\Validation\Validation.php(336): CodeIgniter\Validation\StrictRules\Rules->is_unique('321412321', 'main.nik', [...], null, 'nik')
 5 SYSTEMPATH\Validation\Validation.php(201): CodeIgniter\Validation\Validation->processRules('nik', 'nik', '321412321', [...], [...], 'nik')
 6 APPPATH\Controllers\Main.php(31): CodeIgniter\Validation\Validation->run()
 7 SYSTEMPATH\CodeIgniter.php(933): App\Controllers\Main->store()
 8 SYSTEMPATH\CodeIgniter.php(507): CodeIgniter\CodeIgniter->runController(Object(App\Controllers\Main))
 9 SYSTEMPATH\CodeIgniter.php(354): CodeIgniter\CodeIgniter->handleRequest(null, Object(Config\Cache), false)
10 SYSTEMPATH\Boot.php(363): CodeIgniter\CodeIgniter->run()
11 SYSTEMPATH\Boot.php(68): CodeIgniter\Boot::runCodeIgniter(Object(CodeIgniter\CodeIgniter))
12 FCPATH\index.php(59): CodeIgniter\Boot::bootWeb(Object(Config\Paths))
CRITICAL - 2025-09-25 02:35:26 --> [Caused by] CodeIgniter\Database\Exceptions\DatabaseException: Table 'db_test.main' doesn't exist
in SYSTEMPATH\Database\MySQLi\Connection.php on line 332.
 1 SYSTEMPATH\Database\BaseConnection.php(729): CodeIgniter\Database\MySQLi\Connection->execute('SELECT 1
FROM `main`
WHERE `nik` = \'321412321\'
 LIMIT 1')
 2 SYSTEMPATH\Database\BaseConnection.php(646): CodeIgniter\Database\BaseConnection->simpleQuery('SELECT 1
FROM `main`
WHERE `nik` = \'321412321\'
 LIMIT 1')
 3 SYSTEMPATH\Database\BaseBuilder.php(1649): CodeIgniter\Database\BaseConnection->query('SELECT 1
FROM `main`
WHERE `nik` = :nik:
 LIMIT 1', [...], false)
 4 SYSTEMPATH\Validation\Rules.php(175): CodeIgniter\Database\BaseBuilder->get()
 5 SYSTEMPATH\Validation\StrictRules\Rules.php(187): CodeIgniter\Validation\Rules->is_unique('321412321', 'main.nik', [...])
 6 SYSTEMPATH\Validation\Validation.php(336): CodeIgniter\Validation\StrictRules\Rules->is_unique('321412321', 'main.nik', [...], null, 'nik')
 7 SYSTEMPATH\Validation\Validation.php(201): CodeIgniter\Validation\Validation->processRules('nik', 'nik', '321412321', [...], [...], 'nik')
 8 APPPATH\Controllers\Main.php(31): CodeIgniter\Validation\Validation->run()
 9 SYSTEMPATH\CodeIgniter.php(933): App\Controllers\Main->store()
10 SYSTEMPATH\CodeIgniter.php(507): CodeIgniter\CodeIgniter->runController(Object(App\Controllers\Main))
11 SYSTEMPATH\CodeIgniter.php(354): CodeIgniter\CodeIgniter->handleRequest(null, Object(Config\Cache), false)
12 SYSTEMPATH\Boot.php(363): CodeIgniter\CodeIgniter->run()
13 SYSTEMPATH\Boot.php(68): CodeIgniter\Boot::runCodeIgniter(Object(CodeIgniter\CodeIgniter))
14 FCPATH\index.php(59): CodeIgniter\Boot::bootWeb(Object(Config\Paths))
CRITICAL - 2025-09-25 02:35:26 --> [Caused by] mysqli_sql_exception: Table 'db_test.main' doesn't exist
in SYSTEMPATH\Database\MySQLi\Connection.php on line 327.
 1 SYSTEMPATH\Database\MySQLi\Connection.php(327): mysqli->query('SELECT 1
FROM `main`
WHERE `nik` = \'321412321\'
 LIMIT 1', 0)
 2 SYSTEMPATH\Database\BaseConnection.php(729): CodeIgniter\Database\MySQLi\Connection->execute('SELECT 1
FROM `main`
WHERE `nik` = \'321412321\'
 LIMIT 1')
 3 SYSTEMPATH\Database\BaseConnection.php(646): CodeIgniter\Database\BaseConnection->simpleQuery('SELECT 1
FROM `main`
WHERE `nik` = \'321412321\'
 LIMIT 1')
 4 SYSTEMPATH\Database\BaseBuilder.php(1649): CodeIgniter\Database\BaseConnection->query('SELECT 1
FROM `main`
WHERE `nik` = :nik:
 LIMIT 1', [...], false)
 5 SYSTEMPATH\Validation\Rules.php(175): CodeIgniter\Database\BaseBuilder->get()
 6 SYSTEMPATH\Validation\StrictRules\Rules.php(187): CodeIgniter\Validation\Rules->is_unique('321412321', 'main.nik', [...])
 7 SYSTEMPATH\Validation\Validation.php(336): CodeIgniter\Validation\StrictRules\Rules->is_unique('321412321', 'main.nik', [...], null, 'nik')
 8 SYSTEMPATH\Validation\Validation.php(201): CodeIgniter\Validation\Validation->processRules('nik', 'nik', '321412321', [...], [...], 'nik')
 9 APPPATH\Controllers\Main.php(31): CodeIgniter\Validation\Validation->run()
10 SYSTEMPATH\CodeIgniter.php(933): App\Controllers\Main->store()
11 SYSTEMPATH\CodeIgniter.php(507): CodeIgniter\CodeIgniter->runController(Object(App\Controllers\Main))
12 SYSTEMPATH\CodeIgniter.php(354): CodeIgniter\CodeIgniter->handleRequest(null, Object(Config\Cache), false)
13 SYSTEMPATH\Boot.php(363): CodeIgniter\CodeIgniter->run()
14 SYSTEMPATH\Boot.php(68): CodeIgniter\Boot::runCodeIgniter(Object(CodeIgniter\CodeIgniter))
15 FCPATH\index.php(59): CodeIgniter\Boot::bootWeb(Object(Config\Paths))
DEBUG - 2025-09-25 02:43:20 --> Session: Class initialized using 'CodeIgniter\Session\Handlers\FileHandler' driver.
ERROR - 2025-09-25 02:43:22 --> mysqli_sql_exception: Table 'db_test.main' doesn't exist in C:\xampp\htdocs\framework\system\Database\MySQLi\Connection.php:327
Stack trace:
#0 C:\xampp\htdocs\framework\system\Database\MySQLi\Connection.php(327): mysqli->query('SELECT 1\nFROM `...', 0)
#1 C:\xampp\htdocs\framework\system\Database\BaseConnection.php(729): CodeIgniter\Database\MySQLi\Connection->execute('SELECT 1\nFROM `...')
#2 C:\xampp\htdocs\framework\system\Database\BaseConnection.php(646): CodeIgniter\Database\BaseConnection->simpleQuery('SELECT 1\nFROM `...')
#3 C:\xampp\htdocs\framework\system\Database\BaseBuilder.php(1649): CodeIgniter\Database\BaseConnection->query('SELECT 1\nFROM `...', Array, false)
#4 C:\xampp\htdocs\framework\system\Validation\Rules.php(175): CodeIgniter\Database\BaseBuilder->get()
#5 C:\xampp\htdocs\framework\system\Validation\StrictRules\Rules.php(187): CodeIgniter\Validation\Rules->is_unique('321412321', 'main.nik', Array)
#6 C:\xampp\htdocs\framework\system\Validation\Validation.php(336): CodeIgniter\Validation\StrictRules\Rules->is_unique('321412321', 'main.nik', Array, NULL, 'nik')
#7 C:\xampp\htdocs\framework\system\Validation\Validation.php(201): CodeIgniter\Validation\Validation->processRules('nik', 'nik', '321412321', Array, Array, 'nik')
#8 C:\xampp\htdocs\framework\app\Controllers\Main.php(31): CodeIgniter\Validation\Validation->run()
#9 C:\xampp\htdocs\framework\system\CodeIgniter.php(933): App\Controllers\Main->store()
#10 C:\xampp\htdocs\framework\system\CodeIgniter.php(507): CodeIgniter\CodeIgniter->runController(Object(App\Controllers\Main))
#11 C:\xampp\htdocs\framework\system\CodeIgniter.php(354): CodeIgniter\CodeIgniter->handleRequest(NULL, Object(Config\Cache), false)
#12 C:\xampp\htdocs\framework\system\Boot.php(363): CodeIgniter\CodeIgniter->run()
#13 C:\xampp\htdocs\framework\system\Boot.php(68): CodeIgniter\Boot::runCodeIgniter(Object(CodeIgniter\CodeIgniter))
#14 C:\xampp\htdocs\framework\index.php(59): CodeIgniter\Boot::bootWeb(Object(Config\Paths))
#15 {main}
CRITICAL - 2025-09-25 02:43:22 --> CodeIgniter\Database\Exceptions\DatabaseException: Table 'db_test.main' doesn't exist
[Method: POST, Route: main/store]
in SYSTEMPATH\Database\BaseConnection.php on line 684.
 1 SYSTEMPATH\Database\BaseBuilder.php(1649): CodeIgniter\Database\BaseConnection->query('SELECT 1
FROM `main`
WHERE `nik` = :nik:
 LIMIT 1', [...], false)
 2 SYSTEMPATH\Validation\Rules.php(175): CodeIgniter\Database\BaseBuilder->get()
 3 SYSTEMPATH\Validation\StrictRules\Rules.php(187): CodeIgniter\Validation\Rules->is_unique('321412321', 'main.nik', [...])
 4 SYSTEMPATH\Validation\Validation.php(336): CodeIgniter\Validation\StrictRules\Rules->is_unique('321412321', 'main.nik', [...], null, 'nik')
 5 SYSTEMPATH\Validation\Validation.php(201): CodeIgniter\Validation\Validation->processRules('nik', 'nik', '321412321', [...], [...], 'nik')
 6 APPPATH\Controllers\Main.php(31): CodeIgniter\Validation\Validation->run()
 7 SYSTEMPATH\CodeIgniter.php(933): App\Controllers\Main->store()
 8 SYSTEMPATH\CodeIgniter.php(507): CodeIgniter\CodeIgniter->runController(Object(App\Controllers\Main))
 9 SYSTEMPATH\CodeIgniter.php(354): CodeIgniter\CodeIgniter->handleRequest(null, Object(Config\Cache), false)
10 SYSTEMPATH\Boot.php(363): CodeIgniter\CodeIgniter->run()
11 SYSTEMPATH\Boot.php(68): CodeIgniter\Boot::runCodeIgniter(Object(CodeIgniter\CodeIgniter))
12 FCPATH\index.php(59): CodeIgniter\Boot::bootWeb(Object(Config\Paths))
CRITICAL - 2025-09-25 02:43:22 --> [Caused by] CodeIgniter\Database\Exceptions\DatabaseException: Table 'db_test.main' doesn't exist
in SYSTEMPATH\Database\MySQLi\Connection.php on line 332.
 1 SYSTEMPATH\Database\BaseConnection.php(729): CodeIgniter\Database\MySQLi\Connection->execute('SELECT 1
FROM `main`
WHERE `nik` = \'321412321\'
 LIMIT 1')
 2 SYSTEMPATH\Database\BaseConnection.php(646): CodeIgniter\Database\BaseConnection->simpleQuery('SELECT 1
FROM `main`
WHERE `nik` = \'321412321\'
 LIMIT 1')
 3 SYSTEMPATH\Database\BaseBuilder.php(1649): CodeIgniter\Database\BaseConnection->query('SELECT 1
FROM `main`
WHERE `nik` = :nik:
 LIMIT 1', [...], false)
 4 SYSTEMPATH\Validation\Rules.php(175): CodeIgniter\Database\BaseBuilder->get()
 5 SYSTEMPATH\Validation\StrictRules\Rules.php(187): CodeIgniter\Validation\Rules->is_unique('321412321', 'main.nik', [...])
 6 SYSTEMPATH\Validation\Validation.php(336): CodeIgniter\Validation\StrictRules\Rules->is_unique('321412321', 'main.nik', [...], null, 'nik')
 7 SYSTEMPATH\Validation\Validation.php(201): CodeIgniter\Validation\Validation->processRules('nik', 'nik', '321412321', [...], [...], 'nik')
 8 APPPATH\Controllers\Main.php(31): CodeIgniter\Validation\Validation->run()
 9 SYSTEMPATH\CodeIgniter.php(933): App\Controllers\Main->store()
10 SYSTEMPATH\CodeIgniter.php(507): CodeIgniter\CodeIgniter->runController(Object(App\Controllers\Main))
11 SYSTEMPATH\CodeIgniter.php(354): CodeIgniter\CodeIgniter->handleRequest(null, Object(Config\Cache), false)
12 SYSTEMPATH\Boot.php(363): CodeIgniter\CodeIgniter->run()
13 SYSTEMPATH\Boot.php(68): CodeIgniter\Boot::runCodeIgniter(Object(CodeIgniter\CodeIgniter))
14 FCPATH\index.php(59): CodeIgniter\Boot::bootWeb(Object(Config\Paths))
CRITICAL - 2025-09-25 02:43:22 --> [Caused by] mysqli_sql_exception: Table 'db_test.main' doesn't exist
in SYSTEMPATH\Database\MySQLi\Connection.php on line 327.
 1 SYSTEMPATH\Database\MySQLi\Connection.php(327): mysqli->query('SELECT 1
FROM `main`
WHERE `nik` = \'321412321\'
 LIMIT 1', 0)
 2 SYSTEMPATH\Database\BaseConnection.php(729): CodeIgniter\Database\MySQLi\Connection->execute('SELECT 1
FROM `main`
WHERE `nik` = \'321412321\'
 LIMIT 1')
 3 SYSTEMPATH\Database\BaseConnection.php(646): CodeIgniter\Database\BaseConnection->simpleQuery('SELECT 1
FROM `main`
WHERE `nik` = \'321412321\'
 LIMIT 1')
 4 SYSTEMPATH\Database\BaseBuilder.php(1649): CodeIgniter\Database\BaseConnection->query('SELECT 1
FROM `main`
WHERE `nik` = :nik:
 LIMIT 1', [...], false)
 5 SYSTEMPATH\Validation\Rules.php(175): CodeIgniter\Database\BaseBuilder->get()
 6 SYSTEMPATH\Validation\StrictRules\Rules.php(187): CodeIgniter\Validation\Rules->is_unique('321412321', 'main.nik', [...])
 7 SYSTEMPATH\Validation\Validation.php(336): CodeIgniter\Validation\StrictRules\Rules->is_unique('321412321', 'main.nik', [...], null, 'nik')
 8 SYSTEMPATH\Validation\Validation.php(201): CodeIgniter\Validation\Validation->processRules('nik', 'nik', '321412321', [...], [...], 'nik')
 9 APPPATH\Controllers\Main.php(31): CodeIgniter\Validation\Validation->run()
10 SYSTEMPATH\CodeIgniter.php(933): App\Controllers\Main->store()
11 SYSTEMPATH\CodeIgniter.php(507): CodeIgniter\CodeIgniter->runController(Object(App\Controllers\Main))
12 SYSTEMPATH\CodeIgniter.php(354): CodeIgniter\CodeIgniter->handleRequest(null, Object(Config\Cache), false)
13 SYSTEMPATH\Boot.php(363): CodeIgniter\CodeIgniter->run()
14 SYSTEMPATH\Boot.php(68): CodeIgniter\Boot::runCodeIgniter(Object(CodeIgniter\CodeIgniter))
15 FCPATH\index.php(59): CodeIgniter\Boot::bootWeb(Object(Config\Paths))
DEBUG - 2025-09-25 02:43:26 --> Session: Class initialized using 'CodeIgniter\Session\Handlers\FileHandler' driver.
DEBUG - 2025-09-25 02:44:00 --> Session: Class initialized using 'CodeIgniter\Session\Handlers\FileHandler' driver.
DEBUG - 2025-09-25 02:44:00 --> Session: Class initialized using 'CodeIgniter\Session\Handlers\FileHandler' driver.
DEBUG - 2025-09-25 03:59:26 --> Session: Class initialized using 'CodeIgniter\Session\Handlers\FileHandler' driver.
DEBUG - 2025-09-25 04:01:04 --> Session: Class initialized using 'CodeIgniter\Session\Handlers\FileHandler' driver.
DEBUG - 2025-09-25 04:11:19 --> Session: Class initialized using 'CodeIgniter\Session\Handlers\FileHandler' driver.
DEBUG - 2025-09-25 04:20:47 --> Session: Class initialized using 'CodeIgniter\Session\Handlers\FileHandler' driver.
DEBUG - 2025-09-25 04:22:32 --> Session: Class initialized using 'CodeIgniter\Session\Handlers\FileHandler' driver.
DEBUG - 2025-09-25 04:23:32 --> Session: Class initialized using 'CodeIgniter\Session\Handlers\FileHandler' driver.
DEBUG - 2025-09-25 04:24:28 --> Session: Class initialized using 'CodeIgniter\Session\Handlers\FileHandler' driver.
DEBUG - 2025-09-25 04:24:29 --> Session: Class initialized using 'CodeIgniter\Session\Handlers\FileHandler' driver.
DEBUG - 2025-09-25 04:24:43 --> Session: Class initialized using 'CodeIgniter\Session\Handlers\FileHandler' driver.
DEBUG - 2025-09-25 04:26:45 --> Session: Class initialized using 'CodeIgniter\Session\Handlers\FileHandler' driver.
DEBUG - 2025-09-25 04:27:24 --> Session: Class initialized using 'CodeIgniter\Session\Handlers\FileHandler' driver.
DEBUG - 2025-09-25 09:24:02 --> Session: Class initialized using 'CodeIgniter\Session\Handlers\FileHandler' driver.
DEBUG - 2025-09-25 09:26:58 --> Session: Class initialized using 'CodeIgniter\Session\Handlers\FileHandler' driver.
DEBUG - 2025-09-25 09:27:40 --> Session: Class initialized using 'CodeIgniter\Session\Handlers\FileHandler' driver.
DEBUG - 2025-09-25 09:46:51 --> Session: Class initialized using 'CodeIgniter\Session\Handlers\FileHandler' driver.
CRITICAL - 2025-09-25 09:46:51 --> ErrorException: Array to string conversion
[Method: GET, Route: main/create]
in APPPATH\Helpers\form_helper.php on line 15.
 1 APPPATH\Helpers\form_helper.php(15): CodeIgniter\Debug\Exceptions->errorHandler(2, 'Array to string conversion', 'C:\\xampp\\htdocs\\framework\\app\\Helpers\\form_helper.php', 15)
 2 APPPATH\Views\main\create.php(36): form_input('Gelar Depan', 'gelar_depan', [...])
 3 SYSTEMPATH\View\View.php(226): include('C:\\xampp\\htdocs\\framework\\app\\Views\\main\\create.php')
 4 SYSTEMPATH\View\View.php(229): CodeIgniter\View\View->CodeIgniter\View\{closure}()
 5 SYSTEMPATH\Common.php(1167): CodeIgniter\View\View->render('main/create', [], true)
 6 APPPATH\Controllers\Main.php(12): view('main/create')
 7 SYSTEMPATH\CodeIgniter.php(933): App\Controllers\Main->create()
 8 SYSTEMPATH\CodeIgniter.php(507): CodeIgniter\CodeIgniter->runController(Object(App\Controllers\Main))
 9 SYSTEMPATH\CodeIgniter.php(354): CodeIgniter\CodeIgniter->handleRequest(null, Object(Config\Cache), false)
10 SYSTEMPATH\Boot.php(363): CodeIgniter\CodeIgniter->run()
11 SYSTEMPATH\Boot.php(68): CodeIgniter\Boot::runCodeIgniter(Object(CodeIgniter\CodeIgniter))
12 FCPATH\index.php(59): CodeIgniter\Boot::bootWeb(Object(Config\Paths))
DEBUG - 2025-09-25 09:47:13 --> Session: Class initialized using 'CodeIgniter\Session\Handlers\FileHandler' driver.
CRITICAL - 2025-09-25 09:47:13 --> ErrorException: Array to string conversion
[Method: GET, Route: main/create]
in APPPATH\Helpers\form_helper.php on line 15.
 1 APPPATH\Helpers\form_helper.php(15): CodeIgniter\Debug\Exceptions->errorHandler(2, 'Array to string conversion', 'C:\\xampp\\htdocs\\framework\\app\\Helpers\\form_helper.php', 15)
 2 APPPATH\Views\main\create.php(36): form_input('Gelar Depan', 'gelar_depan', [...])
 3 SYSTEMPATH\View\View.php(226): include('C:\\xampp\\htdocs\\framework\\app\\Views\\main\\create.php')
 4 SYSTEMPATH\View\View.php(229): CodeIgniter\View\View->CodeIgniter\View\{closure}()
 5 SYSTEMPATH\Common.php(1167): CodeIgniter\View\View->render('main/create', [], true)
 6 APPPATH\Controllers\Main.php(12): view('main/create')
 7 SYSTEMPATH\CodeIgniter.php(933): App\Controllers\Main->create()
 8 SYSTEMPATH\CodeIgniter.php(507): CodeIgniter\CodeIgniter->runController(Object(App\Controllers\Main))
 9 SYSTEMPATH\CodeIgniter.php(354): CodeIgniter\CodeIgniter->handleRequest(null, Object(Config\Cache), false)
10 SYSTEMPATH\Boot.php(363): CodeIgniter\CodeIgniter->run()
11 SYSTEMPATH\Boot.php(68): CodeIgniter\Boot::runCodeIgniter(Object(CodeIgniter\CodeIgniter))
12 FCPATH\index.php(59): CodeIgniter\Boot::bootWeb(Object(Config\Paths))
DEBUG - 2025-09-25 09:49:17 --> Session: Class initialized using 'CodeIgniter\Session\Handlers\FileHandler' driver.
DEBUG - 2025-09-25 09:50:25 --> Session: Class initialized using 'CodeIgniter\Session\Handlers\FileHandler' driver.
DEBUG - 2025-09-25 09:51:24 --> Session: Class initialized using 'CodeIgniter\Session\Handlers\FileHandler' driver.
DEBUG - 2025-09-25 10:13:32 --> Session: Class initialized using 'CodeIgniter\Session\Handlers\FileHandler' driver.
DEBUG - 2025-09-25 10:27:29 --> Session: Class initialized using 'CodeIgniter\Session\Handlers\FileHandler' driver.
CRITICAL - 2025-09-25 10:27:29 --> ErrorException: foreach() argument must be of type array|object, string given
[Method: GET, Route: main/create]
in APPPATH\Helpers\form_helper.php on line 30.
 1 APPPATH\Helpers\form_helper.php(30): CodeIgniter\Debug\Exceptions->errorHandler(2, 'foreach() argument must be of type array|object, string given', 'C:\\xampp\\htdocs\\framework\\app\\Helpers\\form_helper.php', 30)
 2 APPPATH\Views\main\create.php(57): form_select('Kecamatan', 'kecamatan', 'text', true)
 3 SYSTEMPATH\View\View.php(226): include('C:\\xampp\\htdocs\\framework\\app\\Views\\main\\create.php')
 4 SYSTEMPATH\View\View.php(229): CodeIgniter\View\View->CodeIgniter\View\{closure}()
 5 SYSTEMPATH\Common.php(1167): CodeIgniter\View\View->render('main/create', [], true)
 6 APPPATH\Controllers\Main.php(12): view('main/create')
 7 SYSTEMPATH\CodeIgniter.php(933): App\Controllers\Main->create()
 8 SYSTEMPATH\CodeIgniter.php(507): CodeIgniter\CodeIgniter->runController(Object(App\Controllers\Main))
 9 SYSTEMPATH\CodeIgniter.php(354): CodeIgniter\CodeIgniter->handleRequest(null, Object(Config\Cache), false)
10 SYSTEMPATH\Boot.php(363): CodeIgniter\CodeIgniter->run()
11 SYSTEMPATH\Boot.php(68): CodeIgniter\Boot::runCodeIgniter(Object(CodeIgniter\CodeIgniter))
12 FCPATH\index.php(59): CodeIgniter\Boot::bootWeb(Object(Config\Paths))
DEBUG - 2025-09-25 10:33:12 --> Session: Class initialized using 'CodeIgniter\Session\Handlers\FileHandler' driver.
CRITICAL - 2025-09-25 10:33:12 --> ErrorException: foreach() argument must be of type array|object, string given
[Method: GET, Route: main/create]
in APPPATH\Helpers\form_helper.php on line 30.
 1 APPPATH\Helpers\form_helper.php(30): CodeIgniter\Debug\Exceptions->errorHandler(2, 'foreach() argument must be of type array|object, string given', 'C:\\xampp\\htdocs\\framework\\app\\Helpers\\form_helper.php', 30)
 2 APPPATH\Views\main\create.php(57): form_select('Kecamatan', 'kecamatan', 'text', true)
 3 SYSTEMPATH\View\View.php(226): include('C:\\xampp\\htdocs\\framework\\app\\Views\\main\\create.php')
 4 SYSTEMPATH\View\View.php(229): CodeIgniter\View\View->CodeIgniter\View\{closure}()
 5 SYSTEMPATH\Common.php(1167): CodeIgniter\View\View->render('main/create', [], true)
 6 APPPATH\Controllers\Main.php(12): view('main/create')
 7 SYSTEMPATH\CodeIgniter.php(933): App\Controllers\Main->create()
 8 SYSTEMPATH\CodeIgniter.php(507): CodeIgniter\CodeIgniter->runController(Object(App\Controllers\Main))
 9 SYSTEMPATH\CodeIgniter.php(354): CodeIgniter\CodeIgniter->handleRequest(null, Object(Config\Cache), false)
10 SYSTEMPATH\Boot.php(363): CodeIgniter\CodeIgniter->run()
11 SYSTEMPATH\Boot.php(68): CodeIgniter\Boot::runCodeIgniter(Object(CodeIgniter\CodeIgniter))
12 FCPATH\index.php(59): CodeIgniter\Boot::bootWeb(Object(Config\Paths))
DEBUG - 2025-09-25 10:35:58 --> Session: Class initialized using 'CodeIgniter\Session\Handlers\FileHandler' driver.
CRITICAL - 2025-09-25 10:35:58 --> ErrorException: foreach() argument must be of type array|object, string given
[Method: GET, Route: main/create]
in APPPATH\Helpers\form_helper.php on line 30.
 1 APPPATH\Helpers\form_helper.php(30): CodeIgniter\Debug\Exceptions->errorHandler(2, 'foreach() argument must be of type array|object, string given', 'C:\\xampp\\htdocs\\framework\\app\\Helpers\\form_helper.php', 30)
 2 APPPATH\Views\main\create.php(99): form_select('Kecamatan', 'kecamatan', 'text', true)
 3 SYSTEMPATH\View\View.php(226): include('C:\\xampp\\htdocs\\framework\\app\\Views\\main\\create.php')
 4 SYSTEMPATH\View\View.php(229): CodeIgniter\View\View->CodeIgniter\View\{closure}()
 5 SYSTEMPATH\Common.php(1167): CodeIgniter\View\View->render('main/create', [], true)
 6 APPPATH\Controllers\Main.php(12): view('main/create')
 7 SYSTEMPATH\CodeIgniter.php(933): App\Controllers\Main->create()
 8 SYSTEMPATH\CodeIgniter.php(507): CodeIgniter\CodeIgniter->runController(Object(App\Controllers\Main))
 9 SYSTEMPATH\CodeIgniter.php(354): CodeIgniter\CodeIgniter->handleRequest(null, Object(Config\Cache), false)
10 SYSTEMPATH\Boot.php(363): CodeIgniter\CodeIgniter->run()
11 SYSTEMPATH\Boot.php(68): CodeIgniter\Boot::runCodeIgniter(Object(CodeIgniter\CodeIgniter))
12 FCPATH\index.php(59): CodeIgniter\Boot::bootWeb(Object(Config\Paths))
DEBUG - 2025-09-25 10:35:59 --> Session: Class initialized using 'CodeIgniter\Session\Handlers\FileHandler' driver.
CRITICAL - 2025-09-25 10:35:59 --> ErrorException: foreach() argument must be of type array|object, string given
[Method: GET, Route: main/create]
in APPPATH\Helpers\form_helper.php on line 30.
 1 APPPATH\Helpers\form_helper.php(30): CodeIgniter\Debug\Exceptions->errorHandler(2, 'foreach() argument must be of type array|object, string given', 'C:\\xampp\\htdocs\\framework\\app\\Helpers\\form_helper.php', 30)
 2 APPPATH\Views\main\create.php(99): form_select('Kecamatan', 'kecamatan', 'text', true)
 3 SYSTEMPATH\View\View.php(226): include('C:\\xampp\\htdocs\\framework\\app\\Views\\main\\create.php')
 4 SYSTEMPATH\View\View.php(229): CodeIgniter\View\View->CodeIgniter\View\{closure}()
 5 SYSTEMPATH\Common.php(1167): CodeIgniter\View\View->render('main/create', [], true)
 6 APPPATH\Controllers\Main.php(12): view('main/create')
 7 SYSTEMPATH\CodeIgniter.php(933): App\Controllers\Main->create()
 8 SYSTEMPATH\CodeIgniter.php(507): CodeIgniter\CodeIgniter->runController(Object(App\Controllers\Main))
 9 SYSTEMPATH\CodeIgniter.php(354): CodeIgniter\CodeIgniter->handleRequest(null, Object(Config\Cache), false)
10 SYSTEMPATH\Boot.php(363): CodeIgniter\CodeIgniter->run()
11 SYSTEMPATH\Boot.php(68): CodeIgniter\Boot::runCodeIgniter(Object(CodeIgniter\CodeIgniter))
12 FCPATH\index.php(59): CodeIgniter\Boot::bootWeb(Object(Config\Paths))
DEBUG - 2025-09-25 10:36:17 --> Session: Class initialized using 'CodeIgniter\Session\Handlers\FileHandler' driver.
CRITICAL - 2025-09-25 10:36:17 --> ErrorException: foreach() argument must be of type array|object, string given
[Method: GET, Route: main/create]
in APPPATH\Helpers\form_helper.php on line 30.
 1 APPPATH\Helpers\form_helper.php(30): CodeIgniter\Debug\Exceptions->errorHandler(2, 'foreach() argument must be of type array|object, string given', 'C:\\xampp\\htdocs\\framework\\app\\Helpers\\form_helper.php', 30)
 2 APPPATH\Views\main\create.php(99): form_select('Kecamatan', 'kecamatan', 'text', true)
 3 SYSTEMPATH\View\View.php(226): include('C:\\xampp\\htdocs\\framework\\app\\Views\\main\\create.php')
 4 SYSTEMPATH\View\View.php(229): CodeIgniter\View\View->CodeIgniter\View\{closure}()
 5 SYSTEMPATH\Common.php(1167): CodeIgniter\View\View->render('main/create', [], true)
 6 APPPATH\Controllers\Main.php(12): view('main/create')
 7 SYSTEMPATH\CodeIgniter.php(933): App\Controllers\Main->create()
 8 SYSTEMPATH\CodeIgniter.php(507): CodeIgniter\CodeIgniter->runController(Object(App\Controllers\Main))
 9 SYSTEMPATH\CodeIgniter.php(354): CodeIgniter\CodeIgniter->handleRequest(null, Object(Config\Cache), false)
10 SYSTEMPATH\Boot.php(363): CodeIgniter\CodeIgniter->run()
11 SYSTEMPATH\Boot.php(68): CodeIgniter\Boot::runCodeIgniter(Object(CodeIgniter\CodeIgniter))
12 FCPATH\index.php(59): CodeIgniter\Boot::bootWeb(Object(Config\Paths))
DEBUG - 2025-09-25 10:36:19 --> Session: Class initialized using 'CodeIgniter\Session\Handlers\FileHandler' driver.
CRITICAL - 2025-09-25 10:36:19 --> ErrorException: foreach() argument must be of type array|object, string given
[Method: GET, Route: main/create]
in APPPATH\Helpers\form_helper.php on line 30.
 1 APPPATH\Helpers\form_helper.php(30): CodeIgniter\Debug\Exceptions->errorHandler(2, 'foreach() argument must be of type array|object, string given', 'C:\\xampp\\htdocs\\framework\\app\\Helpers\\form_helper.php', 30)
 2 APPPATH\Views\main\create.php(99): form_select('Kecamatan', 'kecamatan', 'text', true)
 3 SYSTEMPATH\View\View.php(226): include('C:\\xampp\\htdocs\\framework\\app\\Views\\main\\create.php')
 4 SYSTEMPATH\View\View.php(229): CodeIgniter\View\View->CodeIgniter\View\{closure}()
 5 SYSTEMPATH\Common.php(1167): CodeIgniter\View\View->render('main/create', [], true)
 6 APPPATH\Controllers\Main.php(12): view('main/create')
 7 SYSTEMPATH\CodeIgniter.php(933): App\Controllers\Main->create()
 8 SYSTEMPATH\CodeIgniter.php(507): CodeIgniter\CodeIgniter->runController(Object(App\Controllers\Main))
 9 SYSTEMPATH\CodeIgniter.php(354): CodeIgniter\CodeIgniter->handleRequest(null, Object(Config\Cache), false)
10 SYSTEMPATH\Boot.php(363): CodeIgniter\CodeIgniter->run()
11 SYSTEMPATH\Boot.php(68): CodeIgniter\Boot::runCodeIgniter(Object(CodeIgniter\CodeIgniter))
12 FCPATH\index.php(59): CodeIgniter\Boot::bootWeb(Object(Config\Paths))
DEBUG - 2025-09-25 10:37:23 --> Session: Class initialized using 'CodeIgniter\Session\Handlers\FileHandler' driver.
CRITICAL - 2025-09-25 10:37:23 --> ErrorException: foreach() argument must be of type array|object, string given
[Method: GET, Route: main/create]
in APPPATH\Helpers\form_helper.php on line 30.
 1 APPPATH\Helpers\form_helper.php(30): CodeIgniter\Debug\Exceptions->errorHandler(2, 'foreach() argument must be of type array|object, string given', 'C:\\xampp\\htdocs\\framework\\app\\Helpers\\form_helper.php', 30)
 2 APPPATH\Views\main\create.php(70): form_select('Kecamatan', 'kecamatan', 'text', true)
 3 SYSTEMPATH\View\View.php(226): include('C:\\xampp\\htdocs\\framework\\app\\Views\\main\\create.php')
 4 SYSTEMPATH\View\View.php(229): CodeIgniter\View\View->CodeIgniter\View\{closure}()
 5 SYSTEMPATH\Common.php(1167): CodeIgniter\View\View->render('main/create', [], true)
 6 APPPATH\Controllers\Main.php(12): view('main/create')
 7 SYSTEMPATH\CodeIgniter.php(933): App\Controllers\Main->create()
 8 SYSTEMPATH\CodeIgniter.php(507): CodeIgniter\CodeIgniter->runController(Object(App\Controllers\Main))
 9 SYSTEMPATH\CodeIgniter.php(354): CodeIgniter\CodeIgniter->handleRequest(null, Object(Config\Cache), false)
10 SYSTEMPATH\Boot.php(363): CodeIgniter\CodeIgniter->run()
11 SYSTEMPATH\Boot.php(68): CodeIgniter\Boot::runCodeIgniter(Object(CodeIgniter\CodeIgniter))
12 FCPATH\index.php(59): CodeIgniter\Boot::bootWeb(Object(Config\Paths))
DEBUG - 2025-09-25 10:37:24 --> Session: Class initialized using 'CodeIgniter\Session\Handlers\FileHandler' driver.
CRITICAL - 2025-09-25 10:37:24 --> ErrorException: foreach() argument must be of type array|object, string given
[Method: GET, Route: main/create]
in APPPATH\Helpers\form_helper.php on line 30.
 1 APPPATH\Helpers\form_helper.php(30): CodeIgniter\Debug\Exceptions->errorHandler(2, 'foreach() argument must be of type array|object, string given', 'C:\\xampp\\htdocs\\framework\\app\\Helpers\\form_helper.php', 30)
 2 APPPATH\Views\main\create.php(70): form_select('Kecamatan', 'kecamatan', 'text', true)
 3 SYSTEMPATH\View\View.php(226): include('C:\\xampp\\htdocs\\framework\\app\\Views\\main\\create.php')
 4 SYSTEMPATH\View\View.php(229): CodeIgniter\View\View->CodeIgniter\View\{closure}()
 5 SYSTEMPATH\Common.php(1167): CodeIgniter\View\View->render('main/create', [], true)
 6 APPPATH\Controllers\Main.php(12): view('main/create')
 7 SYSTEMPATH\CodeIgniter.php(933): App\Controllers\Main->create()
 8 SYSTEMPATH\CodeIgniter.php(507): CodeIgniter\CodeIgniter->runController(Object(App\Controllers\Main))
 9 SYSTEMPATH\CodeIgniter.php(354): CodeIgniter\CodeIgniter->handleRequest(null, Object(Config\Cache), false)
10 SYSTEMPATH\Boot.php(363): CodeIgniter\CodeIgniter->run()
11 SYSTEMPATH\Boot.php(68): CodeIgniter\Boot::runCodeIgniter(Object(CodeIgniter\CodeIgniter))
12 FCPATH\index.php(59): CodeIgniter\Boot::bootWeb(Object(Config\Paths))
DEBUG - 2025-09-25 10:37:24 --> Session: Class initialized using 'CodeIgniter\Session\Handlers\FileHandler' driver.
CRITICAL - 2025-09-25 10:37:24 --> ErrorException: foreach() argument must be of type array|object, string given
[Method: GET, Route: main/create]
in APPPATH\Helpers\form_helper.php on line 30.
 1 APPPATH\Helpers\form_helper.php(30): CodeIgniter\Debug\Exceptions->errorHandler(2, 'foreach() argument must be of type array|object, string given', 'C:\\xampp\\htdocs\\framework\\app\\Helpers\\form_helper.php', 30)
 2 APPPATH\Views\main\create.php(70): form_select('Kecamatan', 'kecamatan', 'text', true)
 3 SYSTEMPATH\View\View.php(226): include('C:\\xampp\\htdocs\\framework\\app\\Views\\main\\create.php')
 4 SYSTEMPATH\View\View.php(229): CodeIgniter\View\View->CodeIgniter\View\{closure}()
 5 SYSTEMPATH\Common.php(1167): CodeIgniter\View\View->render('main/create', [], true)
 6 APPPATH\Controllers\Main.php(12): view('main/create')
 7 SYSTEMPATH\CodeIgniter.php(933): App\Controllers\Main->create()
 8 SYSTEMPATH\CodeIgniter.php(507): CodeIgniter\CodeIgniter->runController(Object(App\Controllers\Main))
 9 SYSTEMPATH\CodeIgniter.php(354): CodeIgniter\CodeIgniter->handleRequest(null, Object(Config\Cache), false)
10 SYSTEMPATH\Boot.php(363): CodeIgniter\CodeIgniter->run()
11 SYSTEMPATH\Boot.php(68): CodeIgniter\Boot::runCodeIgniter(Object(CodeIgniter\CodeIgniter))
12 FCPATH\index.php(59): CodeIgniter\Boot::bootWeb(Object(Config\Paths))
DEBUG - 2025-09-25 10:37:49 --> Session: Class initialized using 'CodeIgniter\Session\Handlers\FileHandler' driver.
CRITICAL - 2025-09-25 10:37:49 --> ErrorException: foreach() argument must be of type array|object, string given
[Method: GET, Route: main/create]
in APPPATH\Helpers\form_helper.php on line 30.
 1 APPPATH\Helpers\form_helper.php(30): CodeIgniter\Debug\Exceptions->errorHandler(2, 'foreach() argument must be of type array|object, string given', 'C:\\xampp\\htdocs\\framework\\app\\Helpers\\form_helper.php', 30)
 2 APPPATH\Views\main\create.php(60): form_select('Provinsi', 'provinsi', 'Aceh', 'Bali', 'Bangka Belitung', 'Banten', 'Bengkulu', 'Gorontalo', 'Jakarta', 'Jambi', 'Jawa Barat', 'Jawa Tengah', 'Jawa Timur', 'Kalimantan Barat', 'Kalimantan Selatan', 'Kalimantan Tengah', 'Kalimantan Timur', 'Kalimantan Utara', 'Kepulauan Riau', 'Lampung', 'Maluku', 'Maluku Utara', 'Nusa Tenggara Barat', 'Nusa Tenggara Timur', 'Papua', 'Papua Barat', 'Riau', 'Sulawesi Barat', 'Sulawesi Selatan', 'Sulawesi Tengah', 'Sulawesi Tenggara', 'Sulawesi Utara', 'Sumatera Barat', 'Sumatera Selatan', 'Sumatera Utara', 'Yogyakarta', true)
 3 SYSTEMPATH\View\View.php(226): include('C:\\xampp\\htdocs\\framework\\app\\Views\\main\\create.php')
 4 SYSTEMPATH\View\View.php(229): CodeIgniter\View\View->CodeIgniter\View\{closure}()
 5 SYSTEMPATH\Common.php(1167): CodeIgniter\View\View->render('main/create', [], true)
 6 APPPATH\Controllers\Main.php(12): view('main/create')
 7 SYSTEMPATH\CodeIgniter.php(933): App\Controllers\Main->create()
 8 SYSTEMPATH\CodeIgniter.php(507): CodeIgniter\CodeIgniter->runController(Object(App\Controllers\Main))
 9 SYSTEMPATH\CodeIgniter.php(354): CodeIgniter\CodeIgniter->handleRequest(null, Object(Config\Cache), false)
10 SYSTEMPATH\Boot.php(363): CodeIgniter\CodeIgniter->run()
11 SYSTEMPATH\Boot.php(68): CodeIgniter\Boot::runCodeIgniter(Object(CodeIgniter\CodeIgniter))
12 FCPATH\index.php(59): CodeIgniter\Boot::bootWeb(Object(Config\Paths))
DEBUG - 2025-09-25 10:37:49 --> Session: Class initialized using 'CodeIgniter\Session\Handlers\FileHandler' driver.
CRITICAL - 2025-09-25 10:37:49 --> ErrorException: foreach() argument must be of type array|object, string given
[Method: GET, Route: main/create]
in APPPATH\Helpers\form_helper.php on line 30.
 1 APPPATH\Helpers\form_helper.php(30): CodeIgniter\Debug\Exceptions->errorHandler(2, 'foreach() argument must be of type array|object, string given', 'C:\\xampp\\htdocs\\framework\\app\\Helpers\\form_helper.php', 30)
 2 APPPATH\Views\main\create.php(60): form_select('Provinsi', 'provinsi', 'Aceh', 'Bali', 'Bangka Belitung', 'Banten', 'Bengkulu', 'Gorontalo', 'Jakarta', 'Jambi', 'Jawa Barat', 'Jawa Tengah', 'Jawa Timur', 'Kalimantan Barat', 'Kalimantan Selatan', 'Kalimantan Tengah', 'Kalimantan Timur', 'Kalimantan Utara', 'Kepulauan Riau', 'Lampung', 'Maluku', 'Maluku Utara', 'Nusa Tenggara Barat', 'Nusa Tenggara Timur', 'Papua', 'Papua Barat', 'Riau', 'Sulawesi Barat', 'Sulawesi Selatan', 'Sulawesi Tengah', 'Sulawesi Tenggara', 'Sulawesi Utara', 'Sumatera Barat', 'Sumatera Selatan', 'Sumatera Utara', 'Yogyakarta', true)
 3 SYSTEMPATH\View\View.php(226): include('C:\\xampp\\htdocs\\framework\\app\\Views\\main\\create.php')
 4 SYSTEMPATH\View\View.php(229): CodeIgniter\View\View->CodeIgniter\View\{closure}()
 5 SYSTEMPATH\Common.php(1167): CodeIgniter\View\View->render('main/create', [], true)
 6 APPPATH\Controllers\Main.php(12): view('main/create')
 7 SYSTEMPATH\CodeIgniter.php(933): App\Controllers\Main->create()
 8 SYSTEMPATH\CodeIgniter.php(507): CodeIgniter\CodeIgniter->runController(Object(App\Controllers\Main))
 9 SYSTEMPATH\CodeIgniter.php(354): CodeIgniter\CodeIgniter->handleRequest(null, Object(Config\Cache), false)
10 SYSTEMPATH\Boot.php(363): CodeIgniter\CodeIgniter->run()
11 SYSTEMPATH\Boot.php(68): CodeIgniter\Boot::runCodeIgniter(Object(CodeIgniter\CodeIgniter))
12 FCPATH\index.php(59): CodeIgniter\Boot::bootWeb(Object(Config\Paths))
DEBUG - 2025-09-25 10:37:50 --> Session: Class initialized using 'CodeIgniter\Session\Handlers\FileHandler' driver.
CRITICAL - 2025-09-25 10:37:50 --> ErrorException: foreach() argument must be of type array|object, string given
[Method: GET, Route: main/create]
in APPPATH\Helpers\form_helper.php on line 30.
 1 APPPATH\Helpers\form_helper.php(30): CodeIgniter\Debug\Exceptions->errorHandler(2, 'foreach() argument must be of type array|object, string given', 'C:\\xampp\\htdocs\\framework\\app\\Helpers\\form_helper.php', 30)
 2 APPPATH\Views\main\create.php(60): form_select('Provinsi', 'provinsi', 'Aceh', 'Bali', 'Bangka Belitung', 'Banten', 'Bengkulu', 'Gorontalo', 'Jakarta', 'Jambi', 'Jawa Barat', 'Jawa Tengah', 'Jawa Timur', 'Kalimantan Barat', 'Kalimantan Selatan', 'Kalimantan Tengah', 'Kalimantan Timur', 'Kalimantan Utara', 'Kepulauan Riau', 'Lampung', 'Maluku', 'Maluku Utara', 'Nusa Tenggara Barat', 'Nusa Tenggara Timur', 'Papua', 'Papua Barat', 'Riau', 'Sulawesi Barat', 'Sulawesi Selatan', 'Sulawesi Tengah', 'Sulawesi Tenggara', 'Sulawesi Utara', 'Sumatera Barat', 'Sumatera Selatan', 'Sumatera Utara', 'Yogyakarta', true)
 3 SYSTEMPATH\View\View.php(226): include('C:\\xampp\\htdocs\\framework\\app\\Views\\main\\create.php')
 4 SYSTEMPATH\View\View.php(229): CodeIgniter\View\View->CodeIgniter\View\{closure}()
 5 SYSTEMPATH\Common.php(1167): CodeIgniter\View\View->render('main/create', [], true)
 6 APPPATH\Controllers\Main.php(12): view('main/create')
 7 SYSTEMPATH\CodeIgniter.php(933): App\Controllers\Main->create()
 8 SYSTEMPATH\CodeIgniter.php(507): CodeIgniter\CodeIgniter->runController(Object(App\Controllers\Main))
 9 SYSTEMPATH\CodeIgniter.php(354): CodeIgniter\CodeIgniter->handleRequest(null, Object(Config\Cache), false)
10 SYSTEMPATH\Boot.php(363): CodeIgniter\CodeIgniter->run()
11 SYSTEMPATH\Boot.php(68): CodeIgniter\Boot::runCodeIgniter(Object(CodeIgniter\CodeIgniter))
12 FCPATH\index.php(59): CodeIgniter\Boot::bootWeb(Object(Config\Paths))
DEBUG - 2025-09-25 10:37:50 --> Session: Class initialized using 'CodeIgniter\Session\Handlers\FileHandler' driver.
CRITICAL - 2025-09-25 10:37:50 --> ErrorException: foreach() argument must be of type array|object, string given
[Method: GET, Route: main/create]
in APPPATH\Helpers\form_helper.php on line 30.
 1 APPPATH\Helpers\form_helper.php(30): CodeIgniter\Debug\Exceptions->errorHandler(2, 'foreach() argument must be of type array|object, string given', 'C:\\xampp\\htdocs\\framework\\app\\Helpers\\form_helper.php', 30)
 2 APPPATH\Views\main\create.php(60): form_select('Provinsi', 'provinsi', 'Aceh', 'Bali', 'Bangka Belitung', 'Banten', 'Bengkulu', 'Gorontalo', 'Jakarta', 'Jambi', 'Jawa Barat', 'Jawa Tengah', 'Jawa Timur', 'Kalimantan Barat', 'Kalimantan Selatan', 'Kalimantan Tengah', 'Kalimantan Timur', 'Kalimantan Utara', 'Kepulauan Riau', 'Lampung', 'Maluku', 'Maluku Utara', 'Nusa Tenggara Barat', 'Nusa Tenggara Timur', 'Papua', 'Papua Barat', 'Riau', 'Sulawesi Barat', 'Sulawesi Selatan', 'Sulawesi Tengah', 'Sulawesi Tenggara', 'Sulawesi Utara', 'Sumatera Barat', 'Sumatera Selatan', 'Sumatera Utara', 'Yogyakarta', true)
 3 SYSTEMPATH\View\View.php(226): include('C:\\xampp\\htdocs\\framework\\app\\Views\\main\\create.php')
 4 SYSTEMPATH\View\View.php(229): CodeIgniter\View\View->CodeIgniter\View\{closure}()
 5 SYSTEMPATH\Common.php(1167): CodeIgniter\View\View->render('main/create', [], true)
 6 APPPATH\Controllers\Main.php(12): view('main/create')
 7 SYSTEMPATH\CodeIgniter.php(933): App\Controllers\Main->create()
 8 SYSTEMPATH\CodeIgniter.php(507): CodeIgniter\CodeIgniter->runController(Object(App\Controllers\Main))
 9 SYSTEMPATH\CodeIgniter.php(354): CodeIgniter\CodeIgniter->handleRequest(null, Object(Config\Cache), false)
10 SYSTEMPATH\Boot.php(363): CodeIgniter\CodeIgniter->run()
11 SYSTEMPATH\Boot.php(68): CodeIgniter\Boot::runCodeIgniter(Object(CodeIgniter\CodeIgniter))
12 FCPATH\index.php(59): CodeIgniter\Boot::bootWeb(Object(Config\Paths))
DEBUG - 2025-09-25 10:37:50 --> Session: Class initialized using 'CodeIgniter\Session\Handlers\FileHandler' driver.
CRITICAL - 2025-09-25 10:37:50 --> ErrorException: foreach() argument must be of type array|object, string given
[Method: GET, Route: main/create]
in APPPATH\Helpers\form_helper.php on line 30.
 1 APPPATH\Helpers\form_helper.php(30): CodeIgniter\Debug\Exceptions->errorHandler(2, 'foreach() argument must be of type array|object, string given', 'C:\\xampp\\htdocs\\framework\\app\\Helpers\\form_helper.php', 30)
 2 APPPATH\Views\main\create.php(60): form_select('Provinsi', 'provinsi', 'Aceh', 'Bali', 'Bangka Belitung', 'Banten', 'Bengkulu', 'Gorontalo', 'Jakarta', 'Jambi', 'Jawa Barat', 'Jawa Tengah', 'Jawa Timur', 'Kalimantan Barat', 'Kalimantan Selatan', 'Kalimantan Tengah', 'Kalimantan Timur', 'Kalimantan Utara', 'Kepulauan Riau', 'Lampung', 'Maluku', 'Maluku Utara', 'Nusa Tenggara Barat', 'Nusa Tenggara Timur', 'Papua', 'Papua Barat', 'Riau', 'Sulawesi Barat', 'Sulawesi Selatan', 'Sulawesi Tengah', 'Sulawesi Tenggara', 'Sulawesi Utara', 'Sumatera Barat', 'Sumatera Selatan', 'Sumatera Utara', 'Yogyakarta', true)
 3 SYSTEMPATH\View\View.php(226): include('C:\\xampp\\htdocs\\framework\\app\\Views\\main\\create.php')
 4 SYSTEMPATH\View\View.php(229): CodeIgniter\View\View->CodeIgniter\View\{closure}()
 5 SYSTEMPATH\Common.php(1167): CodeIgniter\View\View->render('main/create', [], true)
 6 APPPATH\Controllers\Main.php(12): view('main/create')
 7 SYSTEMPATH\CodeIgniter.php(933): App\Controllers\Main->create()
 8 SYSTEMPATH\CodeIgniter.php(507): CodeIgniter\CodeIgniter->runController(Object(App\Controllers\Main))
 9 SYSTEMPATH\CodeIgniter.php(354): CodeIgniter\CodeIgniter->handleRequest(null, Object(Config\Cache), false)
10 SYSTEMPATH\Boot.php(363): CodeIgniter\CodeIgniter->run()
11 SYSTEMPATH\Boot.php(68): CodeIgniter\Boot::runCodeIgniter(Object(CodeIgniter\CodeIgniter))
12 FCPATH\index.php(59): CodeIgniter\Boot::bootWeb(Object(Config\Paths))
DEBUG - 2025-09-25 10:37:50 --> Session: Class initialized using 'CodeIgniter\Session\Handlers\FileHandler' driver.
CRITICAL - 2025-09-25 10:37:50 --> ErrorException: foreach() argument must be of type array|object, string given
[Method: GET, Route: main/create]
in APPPATH\Helpers\form_helper.php on line 30.
 1 APPPATH\Helpers\form_helper.php(30): CodeIgniter\Debug\Exceptions->errorHandler(2, 'foreach() argument must be of type array|object, string given', 'C:\\xampp\\htdocs\\framework\\app\\Helpers\\form_helper.php', 30)
 2 APPPATH\Views\main\create.php(60): form_select('Provinsi', 'provinsi', 'Aceh', 'Bali', 'Bangka Belitung', 'Banten', 'Bengkulu', 'Gorontalo', 'Jakarta', 'Jambi', 'Jawa Barat', 'Jawa Tengah', 'Jawa Timur', 'Kalimantan Barat', 'Kalimantan Selatan', 'Kalimantan Tengah', 'Kalimantan Timur', 'Kalimantan Utara', 'Kepulauan Riau', 'Lampung', 'Maluku', 'Maluku Utara', 'Nusa Tenggara Barat', 'Nusa Tenggara Timur', 'Papua', 'Papua Barat', 'Riau', 'Sulawesi Barat', 'Sulawesi Selatan', 'Sulawesi Tengah', 'Sulawesi Tenggara', 'Sulawesi Utara', 'Sumatera Barat', 'Sumatera Selatan', 'Sumatera Utara', 'Yogyakarta', true)
 3 SYSTEMPATH\View\View.php(226): include('C:\\xampp\\htdocs\\framework\\app\\Views\\main\\create.php')
 4 SYSTEMPATH\View\View.php(229): CodeIgniter\View\View->CodeIgniter\View\{closure}()
 5 SYSTEMPATH\Common.php(1167): CodeIgniter\View\View->render('main/create', [], true)
 6 APPPATH\Controllers\Main.php(12): view('main/create')
 7 SYSTEMPATH\CodeIgniter.php(933): App\Controllers\Main->create()
 8 SYSTEMPATH\CodeIgniter.php(507): CodeIgniter\CodeIgniter->runController(Object(App\Controllers\Main))
 9 SYSTEMPATH\CodeIgniter.php(354): CodeIgniter\CodeIgniter->handleRequest(null, Object(Config\Cache), false)
10 SYSTEMPATH\Boot.php(363): CodeIgniter\CodeIgniter->run()
11 SYSTEMPATH\Boot.php(68): CodeIgniter\Boot::runCodeIgniter(Object(CodeIgniter\CodeIgniter))
12 FCPATH\index.php(59): CodeIgniter\Boot::bootWeb(Object(Config\Paths))
DEBUG - 2025-09-25 10:37:51 --> Session: Class initialized using 'CodeIgniter\Session\Handlers\FileHandler' driver.
CRITICAL - 2025-09-25 10:37:51 --> ErrorException: foreach() argument must be of type array|object, string given
[Method: GET, Route: main/create]
in APPPATH\Helpers\form_helper.php on line 30.
 1 APPPATH\Helpers\form_helper.php(30): CodeIgniter\Debug\Exceptions->errorHandler(2, 'foreach() argument must be of type array|object, string given', 'C:\\xampp\\htdocs\\framework\\app\\Helpers\\form_helper.php', 30)
 2 APPPATH\Views\main\create.php(60): form_select('Provinsi', 'provinsi', 'Aceh', 'Bali', 'Bangka Belitung', 'Banten', 'Bengkulu', 'Gorontalo', 'Jakarta', 'Jambi', 'Jawa Barat', 'Jawa Tengah', 'Jawa Timur', 'Kalimantan Barat', 'Kalimantan Selatan', 'Kalimantan Tengah', 'Kalimantan Timur', 'Kalimantan Utara', 'Kepulauan Riau', 'Lampung', 'Maluku', 'Maluku Utara', 'Nusa Tenggara Barat', 'Nusa Tenggara Timur', 'Papua', 'Papua Barat', 'Riau', 'Sulawesi Barat', 'Sulawesi Selatan', 'Sulawesi Tengah', 'Sulawesi Tenggara', 'Sulawesi Utara', 'Sumatera Barat', 'Sumatera Selatan', 'Sumatera Utara', 'Yogyakarta', true)
 3 SYSTEMPATH\View\View.php(226): include('C:\\xampp\\htdocs\\framework\\app\\Views\\main\\create.php')
 4 SYSTEMPATH\View\View.php(229): CodeIgniter\View\View->CodeIgniter\View\{closure}()
 5 SYSTEMPATH\Common.php(1167): CodeIgniter\View\View->render('main/create', [], true)
 6 APPPATH\Controllers\Main.php(12): view('main/create')
 7 SYSTEMPATH\CodeIgniter.php(933): App\Controllers\Main->create()
 8 SYSTEMPATH\CodeIgniter.php(507): CodeIgniter\CodeIgniter->runController(Object(App\Controllers\Main))
 9 SYSTEMPATH\CodeIgniter.php(354): CodeIgniter\CodeIgniter->handleRequest(null, Object(Config\Cache), false)
10 SYSTEMPATH\Boot.php(363): CodeIgniter\CodeIgniter->run()
11 SYSTEMPATH\Boot.php(68): CodeIgniter\Boot::runCodeIgniter(Object(CodeIgniter\CodeIgniter))
12 FCPATH\index.php(59): CodeIgniter\Boot::bootWeb(Object(Config\Paths))
DEBUG - 2025-09-25 10:37:51 --> Session: Class initialized using 'CodeIgniter\Session\Handlers\FileHandler' driver.
CRITICAL - 2025-09-25 10:37:51 --> ErrorException: foreach() argument must be of type array|object, string given
[Method: GET, Route: main/create]
in APPPATH\Helpers\form_helper.php on line 30.
 1 APPPATH\Helpers\form_helper.php(30): CodeIgniter\Debug\Exceptions->errorHandler(2, 'foreach() argument must be of type array|object, string given', 'C:\\xampp\\htdocs\\framework\\app\\Helpers\\form_helper.php', 30)
 2 APPPATH\Views\main\create.php(60): form_select('Provinsi', 'provinsi', 'Aceh', 'Bali', 'Bangka Belitung', 'Banten', 'Bengkulu', 'Gorontalo', 'Jakarta', 'Jambi', 'Jawa Barat', 'Jawa Tengah', 'Jawa Timur', 'Kalimantan Barat', 'Kalimantan Selatan', 'Kalimantan Tengah', 'Kalimantan Timur', 'Kalimantan Utara', 'Kepulauan Riau', 'Lampung', 'Maluku', 'Maluku Utara', 'Nusa Tenggara Barat', 'Nusa Tenggara Timur', 'Papua', 'Papua Barat', 'Riau', 'Sulawesi Barat', 'Sulawesi Selatan', 'Sulawesi Tengah', 'Sulawesi Tenggara', 'Sulawesi Utara', 'Sumatera Barat', 'Sumatera Selatan', 'Sumatera Utara', 'Yogyakarta', true)
 3 SYSTEMPATH\View\View.php(226): include('C:\\xampp\\htdocs\\framework\\app\\Views\\main\\create.php')
 4 SYSTEMPATH\View\View.php(229): CodeIgniter\View\View->CodeIgniter\View\{closure}()
 5 SYSTEMPATH\Common.php(1167): CodeIgniter\View\View->render('main/create', [], true)
 6 APPPATH\Controllers\Main.php(12): view('main/create')
 7 SYSTEMPATH\CodeIgniter.php(933): App\Controllers\Main->create()
 8 SYSTEMPATH\CodeIgniter.php(507): CodeIgniter\CodeIgniter->runController(Object(App\Controllers\Main))
 9 SYSTEMPATH\CodeIgniter.php(354): CodeIgniter\CodeIgniter->handleRequest(null, Object(Config\Cache), false)
10 SYSTEMPATH\Boot.php(363): CodeIgniter\CodeIgniter->run()
11 SYSTEMPATH\Boot.php(68): CodeIgniter\Boot::runCodeIgniter(Object(CodeIgniter\CodeIgniter))
12 FCPATH\index.php(59): CodeIgniter\Boot::bootWeb(Object(Config\Paths))
DEBUG - 2025-09-25 10:37:51 --> Session: Class initialized using 'CodeIgniter\Session\Handlers\FileHandler' driver.
CRITICAL - 2025-09-25 10:37:51 --> ErrorException: foreach() argument must be of type array|object, string given
[Method: GET, Route: main/create]
in APPPATH\Helpers\form_helper.php on line 30.
 1 APPPATH\Helpers\form_helper.php(30): CodeIgniter\Debug\Exceptions->errorHandler(2, 'foreach() argument must be of type array|object, string given', 'C:\\xampp\\htdocs\\framework\\app\\Helpers\\form_helper.php', 30)
 2 APPPATH\Views\main\create.php(60): form_select('Provinsi', 'provinsi', 'Aceh', 'Bali', 'Bangka Belitung', 'Banten', 'Bengkulu', 'Gorontalo', 'Jakarta', 'Jambi', 'Jawa Barat', 'Jawa Tengah', 'Jawa Timur', 'Kalimantan Barat', 'Kalimantan Selatan', 'Kalimantan Tengah', 'Kalimantan Timur', 'Kalimantan Utara', 'Kepulauan Riau', 'Lampung', 'Maluku', 'Maluku Utara', 'Nusa Tenggara Barat', 'Nusa Tenggara Timur', 'Papua', 'Papua Barat', 'Riau', 'Sulawesi Barat', 'Sulawesi Selatan', 'Sulawesi Tengah', 'Sulawesi Tenggara', 'Sulawesi Utara', 'Sumatera Barat', 'Sumatera Selatan', 'Sumatera Utara', 'Yogyakarta', true)
 3 SYSTEMPATH\View\View.php(226): include('C:\\xampp\\htdocs\\framework\\app\\Views\\main\\create.php')
 4 SYSTEMPATH\View\View.php(229): CodeIgniter\View\View->CodeIgniter\View\{closure}()
 5 SYSTEMPATH\Common.php(1167): CodeIgniter\View\View->render('main/create', [], true)
 6 APPPATH\Controllers\Main.php(12): view('main/create')
 7 SYSTEMPATH\CodeIgniter.php(933): App\Controllers\Main->create()
 8 SYSTEMPATH\CodeIgniter.php(507): CodeIgniter\CodeIgniter->runController(Object(App\Controllers\Main))
 9 SYSTEMPATH\CodeIgniter.php(354): CodeIgniter\CodeIgniter->handleRequest(null, Object(Config\Cache), false)
10 SYSTEMPATH\Boot.php(363): CodeIgniter\CodeIgniter->run()
11 SYSTEMPATH\Boot.php(68): CodeIgniter\Boot::runCodeIgniter(Object(CodeIgniter\CodeIgniter))
12 FCPATH\index.php(59): CodeIgniter\Boot::bootWeb(Object(Config\Paths))
DEBUG - 2025-09-25 10:37:51 --> Session: Class initialized using 'CodeIgniter\Session\Handlers\FileHandler' driver.
CRITICAL - 2025-09-25 10:37:51 --> ErrorException: foreach() argument must be of type array|object, string given
[Method: GET, Route: main/create]
in APPPATH\Helpers\form_helper.php on line 30.
 1 APPPATH\Helpers\form_helper.php(30): CodeIgniter\Debug\Exceptions->errorHandler(2, 'foreach() argument must be of type array|object, string given', 'C:\\xampp\\htdocs\\framework\\app\\Helpers\\form_helper.php', 30)
 2 APPPATH\Views\main\create.php(60): form_select('Provinsi', 'provinsi', 'Aceh', 'Bali', 'Bangka Belitung', 'Banten', 'Bengkulu', 'Gorontalo', 'Jakarta', 'Jambi', 'Jawa Barat', 'Jawa Tengah', 'Jawa Timur', 'Kalimantan Barat', 'Kalimantan Selatan', 'Kalimantan Tengah', 'Kalimantan Timur', 'Kalimantan Utara', 'Kepulauan Riau', 'Lampung', 'Maluku', 'Maluku Utara', 'Nusa Tenggara Barat', 'Nusa Tenggara Timur', 'Papua', 'Papua Barat', 'Riau', 'Sulawesi Barat', 'Sulawesi Selatan', 'Sulawesi Tengah', 'Sulawesi Tenggara', 'Sulawesi Utara', 'Sumatera Barat', 'Sumatera Selatan', 'Sumatera Utara', 'Yogyakarta', true)
 3 SYSTEMPATH\View\View.php(226): include('C:\\xampp\\htdocs\\framework\\app\\Views\\main\\create.php')
 4 SYSTEMPATH\View\View.php(229): CodeIgniter\View\View->CodeIgniter\View\{closure}()
 5 SYSTEMPATH\Common.php(1167): CodeIgniter\View\View->render('main/create', [], true)
 6 APPPATH\Controllers\Main.php(12): view('main/create')
 7 SYSTEMPATH\CodeIgniter.php(933): App\Controllers\Main->create()
 8 SYSTEMPATH\CodeIgniter.php(507): CodeIgniter\CodeIgniter->runController(Object(App\Controllers\Main))
 9 SYSTEMPATH\CodeIgniter.php(354): CodeIgniter\CodeIgniter->handleRequest(null, Object(Config\Cache), false)
10 SYSTEMPATH\Boot.php(363): CodeIgniter\CodeIgniter->run()
11 SYSTEMPATH\Boot.php(68): CodeIgniter\Boot::runCodeIgniter(Object(CodeIgniter\CodeIgniter))
12 FCPATH\index.php(59): CodeIgniter\Boot::bootWeb(Object(Config\Paths))
DEBUG - 2025-09-25 10:39:59 --> Session: Class initialized using 'CodeIgniter\Session\Handlers\FileHandler' driver.
DEBUG - 2025-09-25 10:40:10 --> Session: Class initialized using 'CodeIgniter\Session\Handlers\FileHandler' driver.
DEBUG - 2025-09-25 10:43:59 --> Session: Class initialized using 'CodeIgniter\Session\Handlers\FileHandler' driver.
DEBUG - 2025-09-25 10:44:34 --> Session: Class initialized using 'CodeIgniter\Session\Handlers\FileHandler' driver.
DEBUG - 2025-09-25 10:46:50 --> Session: Class initialized using 'CodeIgniter\Session\Handlers\FileHandler' driver.
DEBUG - 2025-09-25 10:48:11 --> Session: Class initialized using 'CodeIgniter\Session\Handlers\FileHandler' driver.
DEBUG - 2025-09-25 10:54:45 --> Session: Class initialized using 'CodeIgniter\Session\Handlers\FileHandler' driver.
DEBUG - 2025-09-25 10:54:55 --> Session: Class initialized using 'CodeIgniter\Session\Handlers\FileHandler' driver.
CRITICAL - 2025-09-25 10:54:55 --> Error: Cannot use a scalar value as an array
[Method: GET, Route: main/create]
in APPPATH\Helpers\form_helper.php on line 29.
 1 APPPATH\Views\main\create.php(58): form_select('Kecamatan', 'kecamatan', 'text', [...], true, [...])
 2 SYSTEMPATH\View\View.php(226): include('C:\\xampp\\htdocs\\framework\\app\\Views\\main\\create.php')
 3 SYSTEMPATH\View\View.php(229): CodeIgniter\View\View->CodeIgniter\View\{closure}()
 4 SYSTEMPATH\Common.php(1167): CodeIgniter\View\View->render('main/create', [], true)
 5 APPPATH\Controllers\Main.php(12): view('main/create')
 6 SYSTEMPATH\CodeIgniter.php(933): App\Controllers\Main->create()
 7 SYSTEMPATH\CodeIgniter.php(507): CodeIgniter\CodeIgniter->runController(Object(App\Controllers\Main))
 8 SYSTEMPATH\CodeIgniter.php(354): CodeIgniter\CodeIgniter->handleRequest(null, Object(Config\Cache), false)
 9 SYSTEMPATH\Boot.php(363): CodeIgniter\CodeIgniter->run()
10 SYSTEMPATH\Boot.php(68): CodeIgniter\Boot::runCodeIgniter(Object(CodeIgniter\CodeIgniter))
11 FCPATH\index.php(59): CodeIgniter\Boot::bootWeb(Object(Config\Paths))
DEBUG - 2025-09-25 10:55:04 --> Session: Class initialized using 'CodeIgniter\Session\Handlers\FileHandler' driver.
DEBUG - 2025-09-25 10:59:00 --> Session: Class initialized using 'CodeIgniter\Session\Handlers\FileHandler' driver.
DEBUG - 2025-09-25 11:01:05 --> Session: Class initialized using 'CodeIgniter\Session\Handlers\FileHandler' driver.
DEBUG - 2025-09-25 11:02:56 --> Session: Class initialized using 'CodeIgniter\Session\Handlers\FileHandler' driver.
DEBUG - 2025-09-25 11:03:59 --> Session: Class initialized using 'CodeIgniter\Session\Handlers\FileHandler' driver.
DEBUG - 2025-09-25 11:07:44 --> Session: Class initialized using 'CodeIgniter\Session\Handlers\FileHandler' driver.
